<?xml version="1.0" encoding="UTF-8"?>
<!-- Generated by org.testng.reporters.JUnitReportReporter -->
<testsuite hostname="Madhav" failures="0" tests="1" name="testcases.TC_001AccountRegistration" time="2.139" errors="0" timestamp="2024-07-03T19:17:42 IST" skipped="0">
  <testcase classname="testcases.TC_001AccountRegistration" name="verifyregisteraccount" time="2.139"/>
</testsuite> <!-- testcases.TC_001AccountRegistration -->
